\BOOKMARK [1][-]{section.1}{Table of Contents}{}% 1
\BOOKMARK [1][-]{section.2}{Introduction}{}% 2
\BOOKMARK [2][-]{subsection.2.1}{Purpose}{section.2}% 3
\BOOKMARK [2][-]{subsection.2.2}{Scope}{section.2}% 4
\BOOKMARK [2][-]{subsection.2.3}{Definitions}{section.2}% 5
\BOOKMARK [1][-]{section.3}{Project Overview}{}% 6
\BOOKMARK [2][-]{subsection.3.1}{Product Perspective}{section.3}% 7
\BOOKMARK [2][-]{subsection.3.2}{Product Functions}{section.3}% 8
\BOOKMARK [1][-]{section.4}{Users \046 Functionality}{}% 9
\BOOKMARK [2][-]{subsection.4.1}{User Stories}{section.4}% 10
\BOOKMARK [2][-]{subsection.4.2}{Expected user characteristics}{section.4}% 11
\BOOKMARK [2][-]{subsection.4.3}{Input Constraints}{section.4}% 12
\BOOKMARK [2][-]{subsection.4.4}{Assumptions and Dependencies}{section.4}% 13
\BOOKMARK [2][-]{subsection.4.5}{External Interfaces}{section.4}% 14
\BOOKMARK [1][-]{section.5}{Functions}{}% 15
\BOOKMARK [2][-]{subsection.5.1}{Functions}{section.5}% 16
\BOOKMARK [2][-]{subsection.5.2}{Functionality}{section.5}% 17
\BOOKMARK [1][-]{section.6}{Performance}{}% 18
\BOOKMARK [2][-]{subsection.6.1}{Performance Requirements}{section.6}% 19
\BOOKMARK [1][-]{section.7}{Tentative Development Schedule}{}% 20
